<?xml version="1.0" encoding="UTF-8"?>
<!-- Generated by org.testng.reporters.JUnitReportReporter -->
<testsuite hostname="DESKTOP-SQDSI01" failures="0" tests="1" name="ChinaSystem.NewOne" time="12.541" errors="1" timestamp="2022-08-10T10:09:53 IST" skipped="0">
  <testcase classname="ChinaSystem.NewOne" name="testamazon" time="12.541">
    <error message="element click intercepted: Element &lt;img alt=&quot;Great Freedom Festival&quot; src=&quot;https://images-eu.ssl-images-amazon.com/images/G/31/img22/Events/Aug-ART-22/GW/Event/Hero/NTA/Aug_ART_PC_LIVE_now_UNREC_FDFO._CB630844079_.jpg&quot; height=&quot;600px&quot; width=&quot;1500px&quot; data-a-hires=&quot;https://images-eu.ssl-images-amazon.com/images/G/31/img22/Events/Aug-ART-22/GW/Event/Hero/NTA/Aug_ART_PC_LIVE_now_UNREC_FDFO._CB630844079_.jpg&quot;&gt; is not clickable at point (674, 355). Other element would receive the click: &lt;div id=&quot;desktop-grid-3&quot; data-gwi=&quot;{&amp;quot;visible&amp;quot;:&amp;quot;desktop-grid-3-visible&amp;quot;,&amp;quot;active&amp;quot;:&amp;quot;desktop-grid-3-active&amp;quot;}&quot; data-display-at=&quot;smws&quot; data-order-ws=&quot;3&quot; class=&quot;gw-col csm-placement-id-aff565f7-acfa-4e3c-8f5b-f97eb9105c29 desktop-gateway-atf_b5d271d3-7b9f-4cfb-8f08-dc15aaf77aea celwidget pd_rd_wg-OE6yS pd_rd_w-4y7z3 pd_rd_r-f9af0db8-44f3-4b31-ba40-602c4556a167&quot; data-order-sm=&quot;3&quot; data-pf_rd_p=&quot;aff565f7-acfa-4e3c-8f5b-f97eb9105c29&quot; data-pd_rd_wg=&quot;OE6yS&quot; data-pd_rd_w=&quot;4y7z3&quot; data-pd_rd_r=&quot;f9af0db8-44f3-4b31-ba40-602c4556a167&quot; data-ref_=&quot;pd_gw_unk&quot; data-csa-op-log-render=&quot;&quot; data-csa-c-type=&quot;widget&quot; data-csa-c-slot-id=&quot;desktop-grid-3&quot; data-csa-c-content-id=&quot;aff565f7-acfa-4e3c-8f5b-f97eb9105c29&quot; data-csa-c-id=&quot;z9grme-ctcr26-dr4y7y-8c9iwu&quot; data-cel-widget=&quot;desktop-grid-3&quot;&gt;...&lt;/div&gt;
  (Session info: chrome=104.0.5112.80)
Build info: version: &#039;4.0.0&#039;, revision: &#039;3a21814679&#039;
System info: host: &#039;DESKTOP-SQDSI01&#039;, ip: &#039;192.168.2.211&#039;, os.name: &#039;Windows 10&#039;, os.arch: &#039;amd64&#039;, os.version: &#039;10.0&#039;, java.version: &#039;16.0.1&#039;
Driver info: org.openqa.selenium.chrome.ChromeDriver
Command: [f646f5e6355607b7dd341e482f669d9a, clickElement {id=f642cc6d-c6fd-4a19-ad6f-2ca69f8be909}]
Capabilities {acceptInsecureCerts: false, browserName: chrome, browserVersion: 104.0.5112.80, chrome: {chromedriverVersion: 104.0.5112.79 (3cf3e8c8a07d..., userDataDir: C:\Users\ravip\AppData\Loca...}, goog:chromeOptions: {debuggerAddress: localhost:50629}, javascriptEnabled: true, networkConnectionEnabled: false, pageLoadStrategy: normal, platform: WINDOWS, platformName: WINDOWS, proxy: Proxy(), se:cdp: ws://localhost:50629/devtoo..., se:cdpVersion: 104.0.5112.80, setWindowRect: true, strictFileInteractability: false, timeouts: {implicit: 0, pageLoad: 300000, script: 30000}, unhandledPromptBehavior: dismiss and notify, webauthn:extension:credBlob: true, webauthn:extension:largeBlob: true, webauthn:virtualAuthenticators: true}
Element: [[ChromeDriver: chrome on WINDOWS (f646f5e6355607b7dd341e482f669d9a)] -&gt; xpath: /html/body/div[1]/div[2]/div[1]/div/div/div/div/div[2]/div/ol/li[4]/div/div/div/div/span/a/img]
Session ID: f646f5e6355607b7dd341e482f669d9a" type="org.openqa.selenium.ElementClickInterceptedException">
      <![CDATA[org.openqa.selenium.ElementClickInterceptedException: element click intercepted: Element <img alt="Great Freedom Festival" src="https://images-eu.ssl-images-amazon.com/images/G/31/img22/Events/Aug-ART-22/GW/Event/Hero/NTA/Aug_ART_PC_LIVE_now_UNREC_FDFO._CB630844079_.jpg" height="600px" width="1500px" data-a-hires="https://images-eu.ssl-images-amazon.com/images/G/31/img22/Events/Aug-ART-22/GW/Event/Hero/NTA/Aug_ART_PC_LIVE_now_UNREC_FDFO._CB630844079_.jpg"> is not clickable at point (674, 355). Other element would receive the click: <div id="desktop-grid-3" data-gwi="{&quot;visible&quot;:&quot;desktop-grid-3-visible&quot;,&quot;active&quot;:&quot;desktop-grid-3-active&quot;}" data-display-at="smws" data-order-ws="3" class="gw-col csm-placement-id-aff565f7-acfa-4e3c-8f5b-f97eb9105c29 desktop-gateway-atf_b5d271d3-7b9f-4cfb-8f08-dc15aaf77aea celwidget pd_rd_wg-OE6yS pd_rd_w-4y7z3 pd_rd_r-f9af0db8-44f3-4b31-ba40-602c4556a167" data-order-sm="3" data-pf_rd_p="aff565f7-acfa-4e3c-8f5b-f97eb9105c29" data-pd_rd_wg="OE6yS" data-pd_rd_w="4y7z3" data-pd_rd_r="f9af0db8-44f3-4b31-ba40-602c4556a167" data-ref_="pd_gw_unk" data-csa-op-log-render="" data-csa-c-type="widget" data-csa-c-slot-id="desktop-grid-3" data-csa-c-content-id="aff565f7-acfa-4e3c-8f5b-f97eb9105c29" data-csa-c-id="z9grme-ctcr26-dr4y7y-8c9iwu" data-cel-widget="desktop-grid-3">...</div>
  (Session info: chrome=104.0.5112.80)
Build info: version: '4.0.0', revision: '3a21814679'
System info: host: 'DESKTOP-SQDSI01', ip: '192.168.2.211', os.name: 'Windows 10', os.arch: 'amd64', os.version: '10.0', java.version: '16.0.1'
Driver info: org.openqa.selenium.chrome.ChromeDriver
Command: [f646f5e6355607b7dd341e482f669d9a, clickElement {id=f642cc6d-c6fd-4a19-ad6f-2ca69f8be909}]
Capabilities {acceptInsecureCerts: false, browserName: chrome, browserVersion: 104.0.5112.80, chrome: {chromedriverVersion: 104.0.5112.79 (3cf3e8c8a07d..., userDataDir: C:\Users\ravip\AppData\Loca...}, goog:chromeOptions: {debuggerAddress: localhost:50629}, javascriptEnabled: true, networkConnectionEnabled: false, pageLoadStrategy: normal, platform: WINDOWS, platformName: WINDOWS, proxy: Proxy(), se:cdp: ws://localhost:50629/devtoo..., se:cdpVersion: 104.0.5112.80, setWindowRect: true, strictFileInteractability: false, timeouts: {implicit: 0, pageLoad: 300000, script: 30000}, unhandledPromptBehavior: dismiss and notify, webauthn:extension:credBlob: true, webauthn:extension:largeBlob: true, webauthn:virtualAuthenticators: true}
Element: [[ChromeDriver: chrome on WINDOWS (f646f5e6355607b7dd341e482f669d9a)] -> xpath: /html/body/div[1]/div[2]/div[1]/div/div/div/div/div[2]/div/ol/li[4]/div/div/div/div/span/a/img]
Session ID: f646f5e6355607b7dd341e482f669d9a
at java.base/jdk.internal.reflect.NativeConstructorAccessorImpl.newInstance0(Native Method)
at java.base/jdk.internal.reflect.NativeConstructorAccessorImpl.newInstance(NativeConstructorAccessorImpl.java:78)
at java.base/jdk.internal.reflect.DelegatingConstructorAccessorImpl.newInstance(DelegatingConstructorAccessorImpl.java:45)
at java.base/java.lang.reflect.Constructor.newInstanceWithCaller(Constructor.java:499)
at java.base/java.lang.reflect.Constructor.newInstance(Constructor.java:480)
at org.openqa.selenium.remote.codec.w3c.W3CHttpResponseCodec.createException(W3CHttpResponseCodec.java:200)
at org.openqa.selenium.remote.codec.w3c.W3CHttpResponseCodec.decode(W3CHttpResponseCodec.java:133)
at org.openqa.selenium.remote.codec.w3c.W3CHttpResponseCodec.decode(W3CHttpResponseCodec.java:53)
at org.openqa.selenium.remote.HttpCommandExecutor.execute(HttpCommandExecutor.java:184)
at org.openqa.selenium.remote.service.DriverCommandExecutor.invokeExecute(DriverCommandExecutor.java:164)
at org.openqa.selenium.remote.service.DriverCommandExecutor.execute(DriverCommandExecutor.java:139)
at org.openqa.selenium.remote.RemoteWebDriver.execute(RemoteWebDriver.java:559)
at org.openqa.selenium.remote.RemoteWebElement.execute(RemoteWebElement.java:251)
at org.openqa.selenium.remote.RemoteWebElement.click(RemoteWebElement.java:77)
at ChinaSystem.NewOne.testamazon(NewOne.java:20)
at java.base/jdk.internal.reflect.NativeMethodAccessorImpl.invoke0(Native Method)
at java.base/jdk.internal.reflect.NativeMethodAccessorImpl.invoke(NativeMethodAccessorImpl.java:78)
at java.base/jdk.internal.reflect.DelegatingMethodAccessorImpl.invoke(DelegatingMethodAccessorImpl.java:43)
at java.base/java.lang.reflect.Method.invoke(Method.java:567)
at org.testng.internal.MethodInvocationHelper.invokeMethod(MethodInvocationHelper.java:133)
at org.testng.internal.TestInvoker.invokeMethod(TestInvoker.java:598)
at org.testng.internal.TestInvoker.invokeTestMethod(TestInvoker.java:173)
at org.testng.internal.MethodRunner.runInSequence(MethodRunner.java:46)
at org.testng.internal.TestInvoker$MethodInvocationAgent.invoke(TestInvoker.java:824)
at org.testng.internal.TestInvoker.invokeTestMethods(TestInvoker.java:146)
at org.testng.internal.TestMethodWorker.invokeTestMethods(TestMethodWorker.java:146)
at org.testng.internal.TestMethodWorker.run(TestMethodWorker.java:128)
at java.base/java.util.ArrayList.forEach(ArrayList.java:1511)
at org.testng.TestRunner.privateRun(TestRunner.java:794)
at org.testng.TestRunner.run(TestRunner.java:596)
at org.testng.SuiteRunner.runTest(SuiteRunner.java:377)
at org.testng.SuiteRunner.runSequentially(SuiteRunner.java:371)
at org.testng.SuiteRunner.privateRun(SuiteRunner.java:332)
at org.testng.SuiteRunner.run(SuiteRunner.java:276)
at org.testng.SuiteRunnerWorker.runSuite(SuiteRunnerWorker.java:53)
at org.testng.SuiteRunnerWorker.run(SuiteRunnerWorker.java:96)
at org.testng.TestNG.runSuitesSequentially(TestNG.java:1212)
at org.testng.TestNG.runSuitesLocally(TestNG.java:1134)
at org.testng.TestNG.runSuites(TestNG.java:1063)
at org.testng.TestNG.run(TestNG.java:1031)
at org.testng.remote.AbstractRemoteTestNG.run(AbstractRemoteTestNG.java:115)
at org.testng.remote.RemoteTestNG.initAndRun(RemoteTestNG.java:251)
at org.testng.remote.RemoteTestNG.main(RemoteTestNG.java:77)
]]>
    </error>
  </testcase> <!-- testamazon -->
  <system-out/>
</testsuite> <!-- ChinaSystem.NewOne -->
